<?xml version="1.0" encoding="UTF-8"?>
<coverage generated="1547481534764" clover="3.2.0">
  <project timestamp="1547481534765" name="All files">
    <metrics statements="42" coveredstatements="32" conditionals="10" coveredconditionals="10" methods="20" coveredmethods="18" elements="72" coveredelements="60" complexity="0" loc="42" ncloc="42" packages="4" files="11" classes="11">
      <package name="src">
        <metrics statements="9" coveredstatements="1" conditionals="0" coveredconditionals="0" methods="0" coveredmethods="0"/>
        <file name="index.js" path="/Users/gergohalmi/Desktop/git/Udemy/TDD_React/lootcheck/src/index.js">
          <metrics statements="8" coveredstatements="0" conditionals="0" coveredconditionals="0" methods="0" coveredmethods="0"/>
          <line num="1" count="0" type="stmt"/>
          <line num="2" count="0" type="stmt"/>
          <line num="3" count="0" type="stmt"/>
          <line num="4" count="0" type="stmt"/>
          <line num="5" count="0" type="stmt"/>
          <line num="6" count="0" type="stmt"/>
          <line num="7" count="0" type="stmt"/>
          <line num="9" count="0" type="stmt"/>
        </file>
        <file name="setupTests.js" path="/Users/gergohalmi/Desktop/git/Udemy/TDD_React/lootcheck/src/setupTests.js">
          <metrics statements="1" coveredstatements="1" conditionals="0" coveredconditionals="0" methods="0" coveredmethods="0"/>
          <line num="5" count="8" type="stmt"/>
        </file>
      </package>
      <package name="src.actions">
        <metrics statements="11" coveredstatements="11" conditionals="0" coveredconditionals="0" methods="7" coveredmethods="7"/>
        <file name="balance.js" path="/Users/gergohalmi/Desktop/git/Udemy/TDD_React/lootcheck/src/actions/balance.js">
          <metrics statements="3" coveredstatements="3" conditionals="0" coveredconditionals="0" methods="3" coveredmethods="3"/>
          <line num="4" count="1" type="stmt"/>
          <line num="11" count="1" type="stmt"/>
          <line num="18" count="1" type="stmt"/>
        </file>
        <file name="bitcoin.js" path="/Users/gergohalmi/Desktop/git/Udemy/TDD_React/lootcheck/src/actions/bitcoin.js">
          <metrics statements="4" coveredstatements="4" conditionals="0" coveredconditionals="0" methods="4" coveredmethods="4"/>
          <line num="4" count="1" type="stmt"/>
          <line num="5" count="1" type="stmt"/>
          <line num="6" count="1" type="stmt"/>
          <line num="7" count="1" type="stmt"/>
        </file>
        <file name="constants.js" path="/Users/gergohalmi/Desktop/git/Udemy/TDD_React/lootcheck/src/actions/constants.js">
          <metrics statements="4" coveredstatements="4" conditionals="0" coveredconditionals="0" methods="0" coveredmethods="0"/>
          <line num="1" count="8" type="stmt"/>
          <line num="2" count="8" type="stmt"/>
          <line num="3" count="8" type="stmt"/>
          <line num="4" count="8" type="stmt"/>
        </file>
      </package>
      <package name="src.components">
        <metrics statements="14" coveredstatements="12" conditionals="2" coveredconditionals="2" methods="11" coveredmethods="9"/>
        <file name="App.js" path="/Users/gergohalmi/Desktop/git/Udemy/TDD_React/lootcheck/src/components/App.js">
          <metrics statements="1" coveredstatements="1" conditionals="0" coveredconditionals="0" methods="1" coveredmethods="1"/>
          <line num="6" count="1" type="stmt"/>
        </file>
        <file name="Loot.js" path="/Users/gergohalmi/Desktop/git/Udemy/TDD_React/lootcheck/src/components/Loot.js">
          <metrics statements="6" coveredstatements="5" conditionals="2" coveredconditionals="2" methods="4" coveredmethods="3"/>
          <line num="8" count="1" type="stmt"/>
          <line num="12" count="3" type="stmt"/>
          <line num="14" count="3" type="cond" truecount="2" falsecount="0"/>
          <line num="16" count="1" type="stmt"/>
          <line num="20" count="3" type="stmt"/>
          <line num="25" count="0" type="stmt"/>
        </file>
        <file name="Wallet.js" path="/Users/gergohalmi/Desktop/git/Udemy/TDD_React/lootcheck/src/components/Wallet.js">
          <metrics statements="7" coveredstatements="6" conditionals="0" coveredconditionals="0" methods="6" coveredmethods="5"/>
          <line num="7" count="1" type="stmt"/>
          <line num="9" count="1" type="stmt"/>
          <line num="15" count="3" type="stmt"/>
          <line num="21" count="1" type="stmt"/>
          <line num="25" count="1" type="stmt"/>
          <line num="29" count="4" type="stmt"/>
          <line num="42" count="0" type="stmt"/>
        </file>
      </package>
      <package name="src.reducers">
        <metrics statements="8" coveredstatements="8" conditionals="8" coveredconditionals="8" methods="2" coveredmethods="2"/>
        <file name="balance.js" path="/Users/gergohalmi/Desktop/git/Udemy/TDD_React/lootcheck/src/reducers/balance.js">
          <metrics statements="5" coveredstatements="5" conditionals="5" coveredconditionals="5" methods="1" coveredmethods="1"/>
          <line num="4" count="6" type="cond" truecount="4" falsecount="0"/>
          <line num="6" count="1" type="stmt"/>
          <line num="8" count="1" type="stmt"/>
          <line num="10" count="1" type="stmt"/>
          <line num="12" count="3" type="stmt"/>
        </file>
        <file name="bitcoin.js" path="/Users/gergohalmi/Desktop/git/Udemy/TDD_React/lootcheck/src/reducers/bitcoin.js">
          <metrics statements="3" coveredstatements="3" conditionals="3" coveredconditionals="3" methods="1" coveredmethods="1"/>
          <line num="4" count="4" type="cond" truecount="2" falsecount="0"/>
          <line num="6" count="1" type="stmt"/>
          <line num="8" count="3" type="stmt"/>
        </file>
        <file name="index.js" path="/Users/gergohalmi/Desktop/git/Udemy/TDD_React/lootcheck/src/reducers/index.js">
          <metrics statements="0" coveredstatements="0" conditionals="0" coveredconditionals="0" methods="0" coveredmethods="0"/>
        </file>
      </package>
    </metrics>
  </project>
</coverage>
