{"/Users/gergohalmi/Desktop/git/Udemy/TDD_React/lootcheck/src/index.js": {"path":"/Users/gergohalmi/Desktop/git/Udemy/TDD_React/lootcheck/src/index.js","statementMap":{"0":{"start":{"line":1,"column":0},"end":{"line":null,"column":-1}},"1":{"start":{"line":2,"column":0},"end":{"line":null,"column":-1}},"2":{"start":{"line":3,"column":0},"end":{"line":null,"column":-1}},"3":{"start":{"line":4,"column":0},"end":{"line":null,"column":-1}},"4":{"start":{"line":5,"column":0},"end":{"line":null,"column":-1}},"5":{"start":{"line":6,"column":0},"end":{"line":null,"column":-1}},"6":{"start":{"line":7,"column":0},"end":{"line":null,"column":-1}},"7":{"start":{"line":9,"column":0},"end":{"line":null,"column":-1}}},"fnMap":{},"branchMap":{},"s":{"0":0,"1":0,"2":0,"3":0,"4":0,"5":0,"6":0,"7":0},"f":{},"b":{}}
,"/Users/gergohalmi/Desktop/git/Udemy/TDD_React/lootcheck/src/setupTests.js": {"path":"/Users/gergohalmi/Desktop/git/Udemy/TDD_React/lootcheck/src/setupTests.js","statementMap":{"0":{"start":{"line":5,"column":0},"end":{"line":5,"column":69}}},"fnMap":{},"branchMap":{},"s":{"0":8},"f":{},"b":{},"_coverageSchema":"332fd63041d2c1bcb487cc26dd0d5f7d97098a6c","hash":"925218679ea27193045cfa698f8ec5b170ff6d21"}
,"/Users/gergohalmi/Desktop/git/Udemy/TDD_React/lootcheck/src/actions/balance.js": {"path":"/Users/gergohalmi/Desktop/git/Udemy/TDD_React/lootcheck/src/actions/balance.js","statementMap":{"0":{"start":{"line":4,"column":4},"end":{"line":7,"column":5}},"1":{"start":{"line":11,"column":4},"end":{"line":14,"column":5}},"2":{"start":{"line":18,"column":4},"end":{"line":21,"column":5}}},"fnMap":{"0":{"name":"setBalance","decl":{"start":{"line":3,"column":16},"end":{"line":3,"column":26}},"loc":{"start":{"line":3,"column":36},"end":{"line":8,"column":1}},"line":3},"1":{"name":"deposit","decl":{"start":{"line":10,"column":16},"end":{"line":10,"column":23}},"loc":{"start":{"line":10,"column":33},"end":{"line":15,"column":1}},"line":10},"2":{"name":"withdraw","decl":{"start":{"line":17,"column":16},"end":{"line":17,"column":24}},"loc":{"start":{"line":17,"column":35},"end":{"line":22,"column":1}},"line":17}},"branchMap":{},"s":{"0":1,"1":1,"2":1},"f":{"0":1,"1":1,"2":1},"b":{},"_coverageSchema":"332fd63041d2c1bcb487cc26dd0d5f7d97098a6c","hash":"6b840c1e90fe32057680305aacfa718e965df4dc"}
,"/Users/gergohalmi/Desktop/git/Udemy/TDD_React/lootcheck/src/actions/bitcoin.js": {"path":"/Users/gergohalmi/Desktop/git/Udemy/TDD_React/lootcheck/src/actions/bitcoin.js","statementMap":{"0":{"start":{"line":4,"column":4},"end":{"line":11,"column":5}},"1":{"start":{"line":5,"column":8},"end":{"line":10,"column":15}},"2":{"start":{"line":6,"column":30},"end":{"line":6,"column":45}},"3":{"start":{"line":7,"column":26},"end":{"line":10,"column":14}}},"fnMap":{"0":{"name":"fetchBitcoin","decl":{"start":{"line":3,"column":16},"end":{"line":3,"column":28}},"loc":{"start":{"line":3,"column":31},"end":{"line":12,"column":1}},"line":3},"1":{"name":"(anonymous_1)","decl":{"start":{"line":4,"column":11},"end":{"line":4,"column":12}},"loc":{"start":{"line":4,"column":31},"end":{"line":11,"column":5}},"line":4},"2":{"name":"(anonymous_2)","decl":{"start":{"line":6,"column":18},"end":{"line":6,"column":19}},"loc":{"start":{"line":6,"column":30},"end":{"line":6,"column":45}},"line":6},"3":{"name":"(anonymous_3)","decl":{"start":{"line":7,"column":18},"end":{"line":7,"column":19}},"loc":{"start":{"line":7,"column":26},"end":{"line":10,"column":14}},"line":7}},"branchMap":{},"s":{"0":1,"1":1,"2":1,"3":1},"f":{"0":1,"1":1,"2":1,"3":1},"b":{},"_coverageSchema":"332fd63041d2c1bcb487cc26dd0d5f7d97098a6c","hash":"c05951f0b590139373f5a6cdfe6a27a262726207"}
,"/Users/gergohalmi/Desktop/git/Udemy/TDD_React/lootcheck/src/actions/constants.js": {"path":"/Users/gergohalmi/Desktop/git/Udemy/TDD_React/lootcheck/src/actions/constants.js","statementMap":{"0":{"start":{"line":1,"column":27},"end":{"line":1,"column":40}},"1":{"start":{"line":2,"column":23},"end":{"line":2,"column":32}},"2":{"start":{"line":3,"column":24},"end":{"line":3,"column":34}},"3":{"start":{"line":4,"column":29},"end":{"line":4,"column":44}}},"fnMap":{},"branchMap":{},"s":{"0":8,"1":8,"2":8,"3":8},"f":{},"b":{},"_coverageSchema":"332fd63041d2c1bcb487cc26dd0d5f7d97098a6c","hash":"0b83a1cf83813543962c52b710d8e4b4e32cb498"}
,"/Users/gergohalmi/Desktop/git/Udemy/TDD_React/lootcheck/src/components/App.js": {"path":"/Users/gergohalmi/Desktop/git/Udemy/TDD_React/lootcheck/src/components/App.js","statementMap":{"0":{"start":{"line":6,"column":4},"end":{"line":14,"column":5}}},"fnMap":{"0":{"name":"App","decl":{"start":{"line":5,"column":24},"end":{"line":5,"column":27}},"loc":{"start":{"line":5,"column":30},"end":{"line":15,"column":1}},"line":5}},"branchMap":{},"s":{"0":1},"f":{"0":1},"b":{},"_coverageSchema":"332fd63041d2c1bcb487cc26dd0d5f7d97098a6c","hash":"f0c563a09b24935d15658341afef29fc0514825f"}
,"/Users/gergohalmi/Desktop/git/Udemy/TDD_React/lootcheck/src/components/Loot.js": {"path":"/Users/gergohalmi/Desktop/git/Udemy/TDD_React/lootcheck/src/components/Loot.js","statementMap":{"0":{"start":{"line":8,"column":8},"end":{"line":8,"column":33}},"1":{"start":{"line":12,"column":28},"end":{"line":12,"column":38}},"2":{"start":{"line":14,"column":8},"end":{"line":14,"column":57}},"3":{"start":{"line":14,"column":47},"end":{"line":14,"column":57}},"4":{"start":{"line":16,"column":8},"end":{"line":16,"column":87}},"5":{"start":{"line":20,"column":8},"end":{"line":22,"column":9}},"6":{"start":{"line":25,"column":32},"end":{"line":25,"column":37}}},"fnMap":{"0":{"name":"(anonymous_0)","decl":{"start":{"line":7,"column":4},"end":{"line":7,"column":5}},"loc":{"start":{"line":7,"column":24},"end":{"line":9,"column":5}},"line":7},"1":{"name":"(anonymous_1)","decl":{"start":{"line":11,"column":4},"end":{"line":11,"column":5}},"loc":{"start":{"line":11,"column":21},"end":{"line":17,"column":5}},"line":11},"2":{"name":"(anonymous_2)","decl":{"start":{"line":19,"column":4},"end":{"line":19,"column":5}},"loc":{"start":{"line":19,"column":13},"end":{"line":23,"column":5}},"line":19},"3":{"name":"(anonymous_3)","decl":{"start":{"line":25,"column":23},"end":{"line":25,"column":24}},"loc":{"start":{"line":25,"column":32},"end":{"line":25,"column":37}},"line":25}},"branchMap":{"0":{"loc":{"start":{"line":14,"column":8},"end":{"line":14,"column":57}},"type":"if","locations":[{"start":{"line":14,"column":8},"end":{"line":14,"column":57}},{"start":{"line":14,"column":8},"end":{"line":14,"column":57}}],"line":14}},"s":{"0":1,"1":3,"2":3,"3":2,"4":1,"5":3,"6":0},"f":{"0":1,"1":3,"2":3,"3":0},"b":{"0":[2,1]},"_coverageSchema":"332fd63041d2c1bcb487cc26dd0d5f7d97098a6c","hash":"760eb5824b35c75b016bfda123a06f4c4db00ecc"}
,"/Users/gergohalmi/Desktop/git/Udemy/TDD_React/lootcheck/src/components/Wallet.js": {"path":"/Users/gergohalmi/Desktop/git/Udemy/TDD_React/lootcheck/src/components/Wallet.js","statementMap":{"0":{"start":{"line":7,"column":8},"end":{"line":7,"column":15}},"1":{"start":{"line":9,"column":8},"end":{"line":11,"column":9}},"2":{"start":{"line":15,"column":8},"end":{"line":17,"column":10}},"3":{"start":{"line":21,"column":8},"end":{"line":21,"column":46}},"4":{"start":{"line":25,"column":8},"end":{"line":25,"column":47}},"5":{"start":{"line":29,"column":8},"end":{"line":37,"column":9}},"6":{"start":{"line":42,"column":4},"end":{"line":44,"column":5}}},"fnMap":{"0":{"name":"(anonymous_0)","decl":{"start":{"line":6,"column":4},"end":{"line":6,"column":5}},"loc":{"start":{"line":6,"column":18},"end":{"line":12,"column":5}},"line":6},"1":{"name":"(anonymous_1)","decl":{"start":{"line":14,"column":22},"end":{"line":14,"column":23}},"loc":{"start":{"line":14,"column":33},"end":{"line":18,"column":5}},"line":14},"2":{"name":"(anonymous_2)","decl":{"start":{"line":20,"column":14},"end":{"line":20,"column":15}},"loc":{"start":{"line":20,"column":20},"end":{"line":22,"column":5}},"line":20},"3":{"name":"(anonymous_3)","decl":{"start":{"line":24,"column":15},"end":{"line":24,"column":16}},"loc":{"start":{"line":24,"column":21},"end":{"line":26,"column":5}},"line":24},"4":{"name":"(anonymous_4)","decl":{"start":{"line":28,"column":4},"end":{"line":28,"column":5}},"loc":{"start":{"line":28,"column":13},"end":{"line":38,"column":5}},"line":28},"5":{"name":"mapStateToProps","decl":{"start":{"line":41,"column":9},"end":{"line":41,"column":24}},"loc":{"start":{"line":41,"column":32},"end":{"line":45,"column":1}},"line":41}},"branchMap":{},"s":{"0":1,"1":1,"2":3,"3":1,"4":1,"5":4,"6":0},"f":{"0":1,"1":3,"2":1,"3":1,"4":4,"5":0},"b":{},"_coverageSchema":"332fd63041d2c1bcb487cc26dd0d5f7d97098a6c","hash":"59c5851ee0c3549721af5ab006f14ef7e147c404"}
,"/Users/gergohalmi/Desktop/git/Udemy/TDD_React/lootcheck/src/reducers/balance.js": {"path":"/Users/gergohalmi/Desktop/git/Udemy/TDD_React/lootcheck/src/reducers/balance.js","statementMap":{"0":{"start":{"line":4,"column":4},"end":{"line":13,"column":5}},"1":{"start":{"line":6,"column":12},"end":{"line":6,"column":33}},"2":{"start":{"line":8,"column":12},"end":{"line":8,"column":41}},"3":{"start":{"line":10,"column":12},"end":{"line":10,"column":42}},"4":{"start":{"line":12,"column":12},"end":{"line":12,"column":24}}},"fnMap":{"0":{"name":"balance","decl":{"start":{"line":3,"column":24},"end":{"line":3,"column":31}},"loc":{"start":{"line":3,"column":51},"end":{"line":14,"column":1}},"line":3}},"branchMap":{"0":{"loc":{"start":{"line":3,"column":32},"end":{"line":3,"column":41}},"type":"default-arg","locations":[{"start":{"line":3,"column":40},"end":{"line":3,"column":41}}],"line":3},"1":{"loc":{"start":{"line":4,"column":4},"end":{"line":13,"column":5}},"type":"switch","locations":[{"start":{"line":5,"column":8},"end":{"line":6,"column":33}},{"start":{"line":7,"column":8},"end":{"line":8,"column":41}},{"start":{"line":9,"column":8},"end":{"line":10,"column":42}},{"start":{"line":11,"column":8},"end":{"line":12,"column":24}}],"line":4}},"s":{"0":6,"1":1,"2":1,"3":1,"4":3},"f":{"0":6},"b":{"0":[4],"1":[1,1,1,3]},"_coverageSchema":"332fd63041d2c1bcb487cc26dd0d5f7d97098a6c","hash":"ba00117cd3389746810efb8f1a11240c988d932e"}
,"/Users/gergohalmi/Desktop/git/Udemy/TDD_React/lootcheck/src/reducers/bitcoin.js": {"path":"/Users/gergohalmi/Desktop/git/Udemy/TDD_React/lootcheck/src/reducers/bitcoin.js","statementMap":{"0":{"start":{"line":4,"column":4},"end":{"line":9,"column":5}},"1":{"start":{"line":6,"column":12},"end":{"line":6,"column":33}},"2":{"start":{"line":8,"column":12},"end":{"line":8,"column":24}}},"fnMap":{"0":{"name":"bitcoin","decl":{"start":{"line":3,"column":24},"end":{"line":3,"column":31}},"loc":{"start":{"line":3,"column":52},"end":{"line":10,"column":1}},"line":3}},"branchMap":{"0":{"loc":{"start":{"line":3,"column":32},"end":{"line":3,"column":42}},"type":"default-arg","locations":[{"start":{"line":3,"column":40},"end":{"line":3,"column":42}}],"line":3},"1":{"loc":{"start":{"line":4,"column":4},"end":{"line":9,"column":5}},"type":"switch","locations":[{"start":{"line":5,"column":8},"end":{"line":6,"column":33}},{"start":{"line":7,"column":8},"end":{"line":8,"column":24}}],"line":4}},"s":{"0":4,"1":1,"2":3},"f":{"0":4},"b":{"0":[3],"1":[1,3]},"_coverageSchema":"332fd63041d2c1bcb487cc26dd0d5f7d97098a6c","hash":"a887be212e6617e33167b2ddcbd612bf7304d9c5"}
,"/Users/gergohalmi/Desktop/git/Udemy/TDD_React/lootcheck/src/reducers/index.js": {"path":"/Users/gergohalmi/Desktop/git/Udemy/TDD_React/lootcheck/src/reducers/index.js","statementMap":{},"fnMap":{},"branchMap":{},"s":{},"f":{},"b":{},"_coverageSchema":"332fd63041d2c1bcb487cc26dd0d5f7d97098a6c","hash":"74a3556977761b7a59950726840df75306bf2893"}
}
