TN:
SF:/Users/gergohalmi/Desktop/git/Udemy/TDD_React/lootcheck/src/index.js
FNF:0
FNH:0
DA:1,0
DA:2,0
DA:3,0
DA:4,0
DA:5,0
DA:6,0
DA:7,0
DA:9,0
LF:8
LH:0
BRF:0
BRH:0
end_of_record
TN:
SF:/Users/gergohalmi/Desktop/git/Udemy/TDD_React/lootcheck/src/setupTests.js
FNF:0
FNH:0
DA:5,8
LF:1
LH:1
BRF:0
BRH:0
end_of_record
TN:
SF:/Users/gergohalmi/Desktop/git/Udemy/TDD_React/lootcheck/src/actions/balance.js
FN:3,setBalance
FN:10,deposit
FN:17,withdraw
FNF:3
FNH:3
FNDA:1,setBalance
FNDA:1,deposit
FNDA:1,withdraw
DA:4,1
DA:11,1
DA:18,1
LF:3
LH:3
BRF:0
BRH:0
end_of_record
TN:
SF:/Users/gergohalmi/Desktop/git/Udemy/TDD_React/lootcheck/src/actions/bitcoin.js
FN:3,fetchBitcoin
FN:4,(anonymous_1)
FN:6,(anonymous_2)
FN:7,(anonymous_3)
FNF:4
FNH:4
FNDA:1,fetchBitcoin
FNDA:1,(anonymous_1)
FNDA:1,(anonymous_2)
FNDA:1,(anonymous_3)
DA:4,1
DA:5,1
DA:6,1
DA:7,1
LF:4
LH:4
BRF:0
BRH:0
end_of_record
TN:
SF:/Users/gergohalmi/Desktop/git/Udemy/TDD_React/lootcheck/src/actions/constants.js
FNF:0
FNH:0
DA:1,8
DA:2,8
DA:3,8
DA:4,8
LF:4
LH:4
BRF:0
BRH:0
end_of_record
TN:
SF:/Users/gergohalmi/Desktop/git/Udemy/TDD_React/lootcheck/src/components/App.js
FN:5,App
FNF:1
FNH:1
FNDA:1,App
DA:6,1
LF:1
LH:1
BRF:0
BRH:0
end_of_record
TN:
SF:/Users/gergohalmi/Desktop/git/Udemy/TDD_React/lootcheck/src/components/Loot.js
FN:7,(anonymous_0)
FN:11,(anonymous_1)
FN:19,(anonymous_2)
FN:25,(anonymous_3)
FNF:4
FNH:3
FNDA:1,(anonymous_0)
FNDA:3,(anonymous_1)
FNDA:3,(anonymous_2)
FNDA:0,(anonymous_3)
DA:8,1
DA:12,3
DA:14,3
DA:16,1
DA:20,3
DA:25,0
LF:6
LH:5
BRDA:14,0,0,2
BRDA:14,0,1,1
BRF:2
BRH:2
end_of_record
TN:
SF:/Users/gergohalmi/Desktop/git/Udemy/TDD_React/lootcheck/src/components/Wallet.js
FN:6,(anonymous_0)
FN:14,(anonymous_1)
FN:20,(anonymous_2)
FN:24,(anonymous_3)
FN:28,(anonymous_4)
FN:41,mapStateToProps
FNF:6
FNH:5
FNDA:1,(anonymous_0)
FNDA:3,(anonymous_1)
FNDA:1,(anonymous_2)
FNDA:1,(anonymous_3)
FNDA:4,(anonymous_4)
FNDA:0,mapStateToProps
DA:7,1
DA:9,1
DA:15,3
DA:21,1
DA:25,1
DA:29,4
DA:42,0
LF:7
LH:6
BRF:0
BRH:0
end_of_record
TN:
SF:/Users/gergohalmi/Desktop/git/Udemy/TDD_React/lootcheck/src/reducers/balance.js
FN:3,balance
FNF:1
FNH:1
FNDA:6,balance
DA:4,6
DA:6,1
DA:8,1
DA:10,1
DA:12,3
LF:5
LH:5
BRDA:3,0,0,4
BRDA:4,1,0,1
BRDA:4,1,1,1
BRDA:4,1,2,1
BRDA:4,1,3,3
BRF:5
BRH:5
end_of_record
TN:
SF:/Users/gergohalmi/Desktop/git/Udemy/TDD_React/lootcheck/src/reducers/bitcoin.js
FN:3,bitcoin
FNF:1
FNH:1
FNDA:4,bitcoin
DA:4,4
DA:6,1
DA:8,3
LF:3
LH:3
BRDA:3,0,0,3
BRDA:4,1,0,1
BRDA:4,1,1,3
BRF:3
BRH:3
end_of_record
TN:
SF:/Users/gergohalmi/Desktop/git/Udemy/TDD_React/lootcheck/src/reducers/index.js
FNF:0
FNH:0
LF:0
LH:0
BRF:0
BRH:0
end_of_record
