{"/Users/gergohalmi/Desktop/git/Udemy/TDD_React/giftgiver/src/setupTests.js": {"path":"/Users/gergohalmi/Desktop/git/Udemy/TDD_React/giftgiver/src/setupTests.js","statementMap":{"0":{"start":{"line":5,"column":0},"end":{"line":5,"column":69}}},"fnMap":{},"branchMap":{},"s":{"0":3},"f":{},"b":{},"_coverageSchema":"332fd63041d2c1bcb487cc26dd0d5f7d97098a6c","hash":"99aab71ff43c23398b4a7a005b95665354c20cad"}
,"/Users/gergohalmi/Desktop/git/Udemy/TDD_React/giftgiver/src/components/App.js": {"path":"/Users/gergohalmi/Desktop/git/Udemy/TDD_React/giftgiver/src/components/App.js","statementMap":{"0":{"start":{"line":8,"column":8},"end":{"line":8,"column":15}},"1":{"start":{"line":9,"column":8},"end":{"line":11,"column":9}},"2":{"start":{"line":15,"column":26},"end":{"line":15,"column":36}},"3":{"start":{"line":16,"column":20},"end":{"line":16,"column":46}},"4":{"start":{"line":16,"column":38},"end":{"line":16,"column":45}},"5":{"start":{"line":17,"column":23},"end":{"line":17,"column":38}},"6":{"start":{"line":19,"column":8},"end":{"line":24,"column":10}},"7":{"start":{"line":27,"column":25},"end":{"line":30,"column":5}},"8":{"start":{"line":28,"column":22},"end":{"line":28,"column":69}},"9":{"start":{"line":28,"column":54},"end":{"line":28,"column":68}},"10":{"start":{"line":29,"column":8},"end":{"line":29,"column":39}},"11":{"start":{"line":33,"column":8},"end":{"line":43,"column":9}},"12":{"start":{"line":38,"column":24},"end":{"line":38,"column":92}}},"fnMap":{"0":{"name":"(anonymous_0)","decl":{"start":{"line":7,"column":4},"end":{"line":7,"column":5}},"loc":{"start":{"line":7,"column":18},"end":{"line":12,"column":5}},"line":7},"1":{"name":"(anonymous_1)","decl":{"start":{"line":14,"column":14},"end":{"line":14,"column":15}},"loc":{"start":{"line":14,"column":20},"end":{"line":25,"column":5}},"line":14},"2":{"name":"(anonymous_2)","decl":{"start":{"line":16,"column":30},"end":{"line":16,"column":31}},"loc":{"start":{"line":16,"column":38},"end":{"line":16,"column":45}},"line":16},"3":{"name":"(anonymous_3)","decl":{"start":{"line":27,"column":17},"end":{"line":27,"column":18}},"loc":{"start":{"line":27,"column":25},"end":{"line":30,"column":5}},"line":27},"4":{"name":"(anonymous_4)","decl":{"start":{"line":27,"column":25},"end":{"line":27,"column":26}},"loc":{"start":{"line":27,"column":31},"end":{"line":30,"column":5}},"line":27},"5":{"name":"(anonymous_5)","decl":{"start":{"line":28,"column":46},"end":{"line":28,"column":47}},"loc":{"start":{"line":28,"column":54},"end":{"line":28,"column":68}},"line":28},"6":{"name":"(anonymous_6)","decl":{"start":{"line":32,"column":4},"end":{"line":32,"column":5}},"loc":{"start":{"line":32,"column":13},"end":{"line":44,"column":5}},"line":32},"7":{"name":"(anonymous_7)","decl":{"start":{"line":37,"column":42},"end":{"line":37,"column":43}},"loc":{"start":{"line":38,"column":24},"end":{"line":38,"column":92}},"line":38}},"branchMap":{},"s":{"0":1,"1":1,"2":4,"3":4,"4":0,"5":4,"6":4,"7":1,"8":1,"9":1,"10":1,"11":10,"12":4},"f":{"0":1,"1":4,"2":0,"3":1,"4":1,"5":1,"6":10,"7":4},"b":{},"_coverageSchema":"332fd63041d2c1bcb487cc26dd0d5f7d97098a6c","hash":"7b7c8e900ba1ab63b1f7d16e201d92caa7790859"}
,"/Users/gergohalmi/Desktop/git/Udemy/TDD_React/giftgiver/src/components/Gift.js": {"path":"/Users/gergohalmi/Desktop/git/Udemy/TDD_React/giftgiver/src/components/Gift.js","statementMap":{"0":{"start":{"line":6,"column":8},"end":{"line":6,"column":15}},"1":{"start":{"line":7,"column":8},"end":{"line":10,"column":9}},"2":{"start":{"line":13,"column":8},"end":{"line":38,"column":9}},"3":{"start":{"line":20,"column":47},"end":{"line":20,"column":92}},"4":{"start":{"line":27,"column":47},"end":{"line":27,"column":93}}},"fnMap":{"0":{"name":"(anonymous_0)","decl":{"start":{"line":5,"column":4},"end":{"line":5,"column":5}},"loc":{"start":{"line":5,"column":18},"end":{"line":11,"column":5}},"line":5},"1":{"name":"(anonymous_1)","decl":{"start":{"line":12,"column":4},"end":{"line":12,"column":5}},"loc":{"start":{"line":12,"column":13},"end":{"line":39,"column":5}},"line":12},"2":{"name":"(anonymous_2)","decl":{"start":{"line":20,"column":38},"end":{"line":20,"column":39}},"loc":{"start":{"line":20,"column":47},"end":{"line":20,"column":92}},"line":20},"3":{"name":"(anonymous_3)","decl":{"start":{"line":27,"column":38},"end":{"line":27,"column":39}},"loc":{"start":{"line":27,"column":47},"end":{"line":27,"column":93}},"line":27}},"branchMap":{},"s":{"0":1,"1":1,"2":3,"3":1,"4":1},"f":{"0":1,"1":3,"2":1,"3":1},"b":{},"_coverageSchema":"332fd63041d2c1bcb487cc26dd0d5f7d97098a6c","hash":"14b99d9ae8bfaa182a49b201360bc867f418191f"}
,"/Users/gergohalmi/Desktop/git/Udemy/TDD_React/giftgiver/src/utils/index.js": {"path":"/Users/gergohalmi/Desktop/git/Udemy/TDD_React/giftgiver/src/utils/index.js","statementMap":{"0":{"start":{"line":2,"column":4},"end":{"line":2,"column":52}}},"fnMap":{"0":{"name":"max_number","decl":{"start":{"line":1,"column":16},"end":{"line":1,"column":26}},"loc":{"start":{"line":1,"column":36},"end":{"line":3,"column":1}},"line":1}},"branchMap":{"0":{"loc":{"start":{"line":2,"column":11},"end":{"line":2,"column":52}},"type":"cond-expr","locations":[{"start":{"line":2,"column":28},"end":{"line":2,"column":48}},{"start":{"line":2,"column":51},"end":{"line":2,"column":52}}],"line":2}},"s":{"0":6},"f":{"0":6},"b":{"0":[1,5]},"_coverageSchema":"332fd63041d2c1bcb487cc26dd0d5f7d97098a6c","hash":"9b935e8fe20af2fdb97b23e0140bc27d1f4738c4"}
}
