TN:
SF:/Users/gergohalmi/Desktop/git/Udemy/TDD_React/giftgiver/src/setupTests.js
FNF:0
FNH:0
DA:5,3
LF:1
LH:1
BRF:0
BRH:0
end_of_record
TN:
SF:/Users/gergohalmi/Desktop/git/Udemy/TDD_React/giftgiver/src/components/App.js
FN:7,(anonymous_0)
FN:14,(anonymous_1)
FN:16,(anonymous_2)
FN:27,(anonymous_3)
FN:27,(anonymous_4)
FN:28,(anonymous_5)
FN:32,(anonymous_6)
FN:37,(anonymous_7)
FNF:8
FNH:7
FNDA:1,(anonymous_0)
FNDA:4,(anonymous_1)
FNDA:0,(anonymous_2)
FNDA:1,(anonymous_3)
FNDA:1,(anonymous_4)
FNDA:1,(anonymous_5)
FNDA:10,(anonymous_6)
FNDA:4,(anonymous_7)
DA:8,1
DA:9,1
DA:15,4
DA:16,4
DA:17,4
DA:19,4
DA:27,1
DA:28,1
DA:29,1
DA:33,10
DA:38,4
LF:11
LH:11
BRF:0
BRH:0
end_of_record
TN:
SF:/Users/gergohalmi/Desktop/git/Udemy/TDD_React/giftgiver/src/components/Gift.js
FN:5,(anonymous_0)
FN:12,(anonymous_1)
FN:20,(anonymous_2)
FN:27,(anonymous_3)
FNF:4
FNH:4
FNDA:1,(anonymous_0)
FNDA:3,(anonymous_1)
FNDA:1,(anonymous_2)
FNDA:1,(anonymous_3)
DA:6,1
DA:7,1
DA:13,3
DA:20,1
DA:27,1
LF:5
LH:5
BRF:0
BRH:0
end_of_record
TN:
SF:/Users/gergohalmi/Desktop/git/Udemy/TDD_React/giftgiver/src/utils/index.js
FN:1,max_number
FNF:1
FNH:1
FNDA:6,max_number
DA:2,6
LF:1
LH:1
BRDA:2,0,0,1
BRDA:2,0,1,5
BRF:2
BRH:2
end_of_record
